Logfile initialized
[INFO] logfile = /Users/thewarpedcoder/Documents/Titanium Studio Workspace/warpedAR/build.log
[DEBUG] /Library/Application Support/Titanium/mobilesdk/osx/2.0.1.GA2/android/builder.py install warpedAR /Users/thewarpedcoder/android-sdk-mac_x86 /Users/thewarpedcoder/Documents/Titanium Studio Workspace/warpedAR com.thewarpedcoder.warpedAR 12
[INFO] Titanium SDK version: 2.0.1 (04/12/12 16:33 999c68a)
[DEBUG] Waiting for device to be ready ...
[TRACE] adb devices returned 1 devices/emulators
[DEBUG] Device connected... (waited 0 seconds)
[DEBUG] waited 0.014266 seconds on emulator to get ready
[DEBUG] com.thewarpedcoder.warpedAR installed? False
[INFO] Copying CommonJS modules...
[INFO] Copying project resources..
[TRACE] COPYING MODIFIED FILE: /Users/thewarpedcoder/Documents/Titanium Studio Workspace/warpedAR/Resources/control/warpedAR-CTL.js => /Users/thewarpedcoder/Documents/Titanium Studio Workspace/warpedAR/build/android/bin/assets/Resources/control/warpedAR-CTL.js
[TRACE] COPYING MODIFIED FILE: /Users/thewarpedcoder/Documents/Titanium Studio Workspace/warpedAR/Resources/ui/screens/ARScreen.js => /Users/thewarpedcoder/Documents/Titanium Studio Workspace/warpedAR/build/android/bin/assets/Resources/ui/screens/ARScreen.js
[TRACE] Generating Java Classes
[DEBUG] Processing Android resource drawables
[TRACE] COPYING FILE: /Users/thewarpedcoder/Documents/Titanium Studio Workspace/warpedAR/Resources/android/images/res-long-land-hdpi/inapp_icon.png => /Users/thewarpedcoder/Documents/Titanium Studio Workspace/warpedAR/build/android/res/drawable-long-land-hdpi/inapp_icon_87eafda265.png
[TRACE] COPYING FILE: /Users/thewarpedcoder/Documents/Titanium Studio Workspace/warpedAR/Resources/android/images/res-long-land-hdpi/inapp_logo.png => /Users/thewarpedcoder/Documents/Titanium Studio Workspace/warpedAR/build/android/res/drawable-long-land-hdpi/inapp_logo_dc9fceed62.png
[TRACE] COPYING FILE: /Users/thewarpedcoder/Documents/Titanium Studio Workspace/warpedAR/Resources/android/images/res-long-land-ldpi/inapp_icon.png => /Users/thewarpedcoder/Documents/Titanium Studio Workspace/warpedAR/build/android/res/drawable-long-land-ldpi/inapp_icon_87eafda265.png
[TRACE] COPYING FILE: /Users/thewarpedcoder/Documents/Titanium Studio Workspace/warpedAR/Resources/android/images/res-long-land-ldpi/inapp_logo.png => /Users/thewarpedcoder/Documents/Titanium Studio Workspace/warpedAR/build/android/res/drawable-long-land-ldpi/inapp_logo_dc9fceed62.png
[TRACE] COPYING FILE: /Users/thewarpedcoder/Documents/Titanium Studio Workspace/warpedAR/Resources/android/images/res-long-port-hdpi/inapp_icon.png => /Users/thewarpedcoder/Documents/Titanium Studio Workspace/warpedAR/build/android/res/drawable-long-port-hdpi/inapp_icon_87eafda265.png
[TRACE] COPYING FILE: /Users/thewarpedcoder/Documents/Titanium Studio Workspace/warpedAR/Resources/android/images/res-long-port-hdpi/inapp_logo.png => /Users/thewarpedcoder/Documents/Titanium Studio Workspace/warpedAR/build/android/res/drawable-long-port-hdpi/inapp_logo_dc9fceed62.png
[TRACE] COPYING FILE: /Users/thewarpedcoder/Documents/Titanium Studio Workspace/warpedAR/Resources/android/images/res-long-port-ldpi/inapp_icon.png => /Users/thewarpedcoder/Documents/Titanium Studio Workspace/warpedAR/build/android/res/drawable-long-port-ldpi/inapp_icon_87eafda265.png
[TRACE] COPYING FILE: /Users/thewarpedcoder/Documents/Titanium Studio Workspace/warpedAR/Resources/android/images/res-long-port-ldpi/inapp_logo.png => /Users/thewarpedcoder/Documents/Titanium Studio Workspace/warpedAR/build/android/res/drawable-long-port-ldpi/inapp_logo_dc9fceed62.png
[TRACE] COPYING FILE: /Users/thewarpedcoder/Documents/Titanium Studio Workspace/warpedAR/Resources/android/images/res-notlong-land-hdpi/inapp_icon.png => /Users/thewarpedcoder/Documents/Titanium Studio Workspace/warpedAR/build/android/res/drawable-notlong-land-hdpi/inapp_icon_87eafda265.png
[TRACE] COPYING FILE: /Users/thewarpedcoder/Documents/Titanium Studio Workspace/warpedAR/Resources/android/images/res-notlong-land-hdpi/inapp_logo.png => /Users/thewarpedcoder/Documents/Titanium Studio Workspace/warpedAR/build/android/res/drawable-notlong-land-hdpi/inapp_logo_dc9fceed62.png
[TRACE] COPYING FILE: /Users/thewarpedcoder/Documents/Titanium Studio Workspace/warpedAR/Resources/android/images/res-notlong-land-ldpi/inapp_icon.png => /Users/thewarpedcoder/Documents/Titanium Studio Workspace/warpedAR/build/android/res/drawable-notlong-land-ldpi/inapp_icon_87eafda265.png
[TRACE] COPYING FILE: /Users/thewarpedcoder/Documents/Titanium Studio Workspace/warpedAR/Resources/android/images/res-notlong-land-ldpi/inapp_logo.png => /Users/thewarpedcoder/Documents/Titanium Studio Workspace/warpedAR/build/android/res/drawable-notlong-land-ldpi/inapp_logo_dc9fceed62.png
[TRACE] COPYING FILE: /Users/thewarpedcoder/Documents/Titanium Studio Workspace/warpedAR/Resources/android/images/res-notlong-land-mdpi/inapp_icon.png => /Users/thewarpedcoder/Documents/Titanium Studio Workspace/warpedAR/build/android/res/drawable-notlong-land-mdpi/inapp_icon_87eafda265.png
[TRACE] COPYING FILE: /Users/thewarpedcoder/Documents/Titanium Studio Workspace/warpedAR/Resources/android/images/res-notlong-land-mdpi/inapp_logo.png => /Users/thewarpedcoder/Documents/Titanium Studio Workspace/warpedAR/build/android/res/drawable-notlong-land-mdpi/inapp_logo_dc9fceed62.png
[TRACE] COPYING FILE: /Users/thewarpedcoder/Documents/Titanium Studio Workspace/warpedAR/Resources/android/images/res-notlong-port-hdpi/inapp_icon.png => /Users/thewarpedcoder/Documents/Titanium Studio Workspace/warpedAR/build/android/res/drawable-notlong-port-hdpi/inapp_icon_87eafda265.png
[TRACE] COPYING FILE: /Users/thewarpedcoder/Documents/Titanium Studio Workspace/warpedAR/Resources/android/images/res-notlong-port-hdpi/inapp_logo.png => /Users/thewarpedcoder/Documents/Titanium Studio Workspace/warpedAR/build/android/res/drawable-notlong-port-hdpi/inapp_logo_dc9fceed62.png
[TRACE] COPYING FILE: /Users/thewarpedcoder/Documents/Titanium Studio Workspace/warpedAR/Resources/android/images/res-notlong-port-ldpi/inapp_icon.png => /Users/thewarpedcoder/Documents/Titanium Studio Workspace/warpedAR/build/android/res/drawable-notlong-port-ldpi/inapp_icon_87eafda265.png
[TRACE] COPYING FILE: /Users/thewarpedcoder/Documents/Titanium Studio Workspace/warpedAR/Resources/android/images/res-notlong-port-ldpi/inapp_logo.png => /Users/thewarpedcoder/Documents/Titanium Studio Workspace/warpedAR/build/android/res/drawable-notlong-port-ldpi/inapp_logo_dc9fceed62.png
[TRACE] COPYING FILE: /Users/thewarpedcoder/Documents/Titanium Studio Workspace/warpedAR/Resources/android/images/res-notlong-port-mdpi/inapp_icon.png => /Users/thewarpedcoder/Documents/Titanium Studio Workspace/warpedAR/build/android/res/drawable-notlong-port-mdpi/inapp_icon_87eafda265.png
[TRACE] COPYING FILE: /Users/thewarpedcoder/Documents/Titanium Studio Workspace/warpedAR/Resources/android/images/res-notlong-port-mdpi/inapp_logo.png => /Users/thewarpedcoder/Documents/Titanium Studio Workspace/warpedAR/build/android/res/drawable-notlong-port-mdpi/inapp_logo_dc9fceed62.png
[DEBUG] copying app icon: /Users/thewarpedcoder/Documents/Titanium Studio Workspace/warpedAR/build/android/bin/assets/Resources/warpedAR.png
[DEBUG] generating theme.xml
[DEBUG] found drawable-long-land-hdpi splash screen at /Users/thewarpedcoder/Documents/Titanium Studio Workspace/warpedAR/Resources/android/images/res-long-land-hdpi/default.png
[DEBUG] copying /Users/thewarpedcoder/Documents/Titanium Studio Workspace/warpedAR/Resources/android/images/res-long-land-hdpi/default.png splash screen to /Users/thewarpedcoder/Documents/Titanium Studio Workspace/warpedAR/build/android/res/drawable-long-land-hdpi/background.png
[DEBUG] found drawable-long-land-ldpi splash screen at /Users/thewarpedcoder/Documents/Titanium Studio Workspace/warpedAR/Resources/android/images/res-long-land-ldpi/default.png
[DEBUG] copying /Users/thewarpedcoder/Documents/Titanium Studio Workspace/warpedAR/Resources/android/images/res-long-land-ldpi/default.png splash screen to /Users/thewarpedcoder/Documents/Titanium Studio Workspace/warpedAR/build/android/res/drawable-long-land-ldpi/background.png
[DEBUG] found drawable-long-port-hdpi splash screen at /Users/thewarpedcoder/Documents/Titanium Studio Workspace/warpedAR/Resources/android/images/res-long-port-hdpi/default.png
[DEBUG] copying /Users/thewarpedcoder/Documents/Titanium Studio Workspace/warpedAR/Resources/android/images/res-long-port-hdpi/default.png splash screen to /Users/thewarpedcoder/Documents/Titanium Studio Workspace/warpedAR/build/android/res/drawable-long-port-hdpi/background.png
[DEBUG] found drawable-long-port-ldpi splash screen at /Users/thewarpedcoder/Documents/Titanium Studio Workspace/warpedAR/Resources/android/images/res-long-port-ldpi/default.png
[DEBUG] copying /Users/thewarpedcoder/Documents/Titanium Studio Workspace/warpedAR/Resources/android/images/res-long-port-ldpi/default.png splash screen to /Users/thewarpedcoder/Documents/Titanium Studio Workspace/warpedAR/build/android/res/drawable-long-port-ldpi/background.png
[DEBUG] found drawable-notlong-land-hdpi splash screen at /Users/thewarpedcoder/Documents/Titanium Studio Workspace/warpedAR/Resources/android/images/res-notlong-land-hdpi/default.png
[DEBUG] copying /Users/thewarpedcoder/Documents/Titanium Studio Workspace/warpedAR/Resources/android/images/res-notlong-land-hdpi/default.png splash screen to /Users/thewarpedcoder/Documents/Titanium Studio Workspace/warpedAR/build/android/res/drawable-notlong-land-hdpi/background.png
[DEBUG] found drawable-notlong-land-ldpi splash screen at /Users/thewarpedcoder/Documents/Titanium Studio Workspace/warpedAR/Resources/android/images/res-notlong-land-ldpi/default.png
[DEBUG] copying /Users/thewarpedcoder/Documents/Titanium Studio Workspace/warpedAR/Resources/android/images/res-notlong-land-ldpi/default.png splash screen to /Users/thewarpedcoder/Documents/Titanium Studio Workspace/warpedAR/build/android/res/drawable-notlong-land-ldpi/background.png
[DEBUG] found drawable-notlong-land-mdpi splash screen at /Users/thewarpedcoder/Documents/Titanium Studio Workspace/warpedAR/Resources/android/images/res-notlong-land-mdpi/default.png
[DEBUG] copying /Users/thewarpedcoder/Documents/Titanium Studio Workspace/warpedAR/Resources/android/images/res-notlong-land-mdpi/default.png splash screen to /Users/thewarpedcoder/Documents/Titanium Studio Workspace/warpedAR/build/android/res/drawable-notlong-land-mdpi/background.png
[DEBUG] found drawable-notlong-port-hdpi splash screen at /Users/thewarpedcoder/Documents/Titanium Studio Workspace/warpedAR/Resources/android/images/res-notlong-port-hdpi/default.png
[DEBUG] copying /Users/thewarpedcoder/Documents/Titanium Studio Workspace/warpedAR/Resources/android/images/res-notlong-port-hdpi/default.png splash screen to /Users/thewarpedcoder/Documents/Titanium Studio Workspace/warpedAR/build/android/res/drawable-notlong-port-hdpi/background.png
[DEBUG] found drawable-notlong-port-ldpi splash screen at /Users/thewarpedcoder/Documents/Titanium Studio Workspace/warpedAR/Resources/android/images/res-notlong-port-ldpi/default.png
[DEBUG] copying /Users/thewarpedcoder/Documents/Titanium Studio Workspace/warpedAR/Resources/android/images/res-notlong-port-ldpi/default.png splash screen to /Users/thewarpedcoder/Documents/Titanium Studio Workspace/warpedAR/build/android/res/drawable-notlong-port-ldpi/background.png
[DEBUG] found drawable-notlong-port-mdpi splash screen at /Users/thewarpedcoder/Documents/Titanium Studio Workspace/warpedAR/Resources/android/images/res-notlong-port-mdpi/default.png
[DEBUG] copying /Users/thewarpedcoder/Documents/Titanium Studio Workspace/warpedAR/Resources/android/images/res-notlong-port-mdpi/default.png splash screen to /Users/thewarpedcoder/Documents/Titanium Studio Workspace/warpedAR/build/android/res/drawable-notlong-port-mdpi/background.png
[DEBUG] found splash screen at /Users/thewarpedcoder/Documents/Titanium Studio Workspace/warpedAR/build/android/bin/assets/Resources/default.png
[TRACE] Writing out AndroidManifest.xml
[DEBUG] adding /Users/thewarpedcoder/Documents/Titanium Studio Workspace/warpedAR/build/android/gen/com/thewarpedcoder/warpedAR/R.java to javac build list
[DEBUG] adding /Users/thewarpedcoder/Documents/Titanium Studio Workspace/warpedAR/build/android/gen/com/thewarpedcoder/warpedAR/WarpedarActivity.java to javac build list
[DEBUG] adding /Users/thewarpedcoder/Documents/Titanium Studio Workspace/warpedAR/build/android/gen/com/thewarpedcoder/warpedAR/WarpedarAppInfo.java to javac build list
[DEBUG] adding /Users/thewarpedcoder/Documents/Titanium Studio Workspace/warpedAR/build/android/gen/com/thewarpedcoder/warpedAR/WarpedarApplication.java to javac build list
[DEBUG] Building Java Sources: "/Users/thewarpedcoder/Documents/Titanium Studio Workspace/warpedAR/build/android/gen/com/thewarpedcoder/warpedAR/R.java" "/Users/thewarpedcoder/Documents/Titanium Studio Workspace/warpedAR/build/android/gen/com/thewarpedcoder/warpedAR/WarpedarActivity.java" "/Users/thewarpedcoder/Documents/Titanium Studio Workspace/warpedAR/build/android/gen/com/thewarpedcoder/warpedAR/WarpedarAppInfo.java" "/Users/thewarpedcoder/Documents/Titanium Studio Workspace/warpedAR/build/android/gen/com/thewarpedcoder/warpedAR/WarpedarApplication.java"
[INFO] Compiling Android Resources... This could take some time
[DEBUG] Android classes.dex built
[DEBUG] creating unsigned apk: /Users/thewarpedcoder/Documents/Titanium Studio Workspace/warpedAR/build/android/bin/app-unsigned.apk
[DEBUG] from resource zip => assets/Resources/control/warpedAR-CTL.js
[DEBUG] from resource zip => assets/Resources/images/powered-by-google-on-non-white.png
[DEBUG] from resource zip => assets/Resources/images/powered-by-google-on-non-white@2x.png
[DEBUG] from resource zip => assets/Resources/images/radar.png
[DEBUG] from resource zip => assets/Resources/services/googleFeed.js
[DEBUG] from resource zip => assets/Resources/services/location.js
[DEBUG] from resource zip => assets/Resources/tools/augmentedReality.js
[DEBUG] from resource zip => assets/Resources/tools/common.js
[DEBUG] from resource zip => assets/Resources/tools/iosBackgroundService.js
[DEBUG] from resource zip => assets/Resources/tools/persHandler.js
[DEBUG] from resource zip => assets/Resources/ui/common/activity.js
[DEBUG] from resource zip => assets/Resources/ui/common/titleBar.js
[DEBUG] from resource zip => assets/Resources/ui/screens/ARScreen.js
[DEBUG] from resource zip => assets/Resources/ui/screens/homeScreen.js
[DEBUG] from resource zip => assets/Resources/ui/images.js
[DEBUG] from resource zip => assets/Resources/ui/layout.js
[DEBUG] from resource zip => assets/Resources/app.js
[DEBUG] from resource zip => assets/Resources/default.png
[DEBUG] from resource zip => assets/Resources/warpedAR.png
[DEBUG] from resource zip => assets/app.json
[DEBUG] from resource zip => assets/index.json
[DEBUG] from resource zip => assets/tiapp.xml
[DEBUG] from resource zip => res/drawable/appicon.png
[DEBUG] from resource zip => res/drawable/background.png
[DEBUG] from resource zip => res/layout/titanium_tabgroup.xml
[DEBUG] from resource zip => AndroidManifest.xml
[DEBUG] from resource zip => resources.arsc
[DEBUG] from resource zip => res/drawable-long-land-hdpi/background.png
[DEBUG] from resource zip => res/drawable-long-land-hdpi/inapp_icon_87eafda265.png
[DEBUG] from resource zip => res/drawable-long-land-hdpi/inapp_logo_dc9fceed62.png
[DEBUG] from resource zip => res/drawable-long-land-ldpi/background.png
[DEBUG] from resource zip => res/drawable-long-land-ldpi/inapp_icon_87eafda265.png
[DEBUG] from resource zip => res/drawable-long-land-ldpi/inapp_logo_dc9fceed62.png
[DEBUG] from resource zip => res/drawable-long-port-hdpi/background.png
[DEBUG] from resource zip => res/drawable-long-port-hdpi/inapp_icon_87eafda265.png
[DEBUG] from resource zip => res/drawable-long-port-hdpi/inapp_logo_dc9fceed62.png
[DEBUG] from resource zip => res/drawable-long-port-ldpi/background.png
[DEBUG] from resource zip => res/drawable-long-port-ldpi/inapp_icon_87eafda265.png
[DEBUG] from resource zip => res/drawable-long-port-ldpi/inapp_logo_dc9fceed62.png
[DEBUG] from resource zip => res/drawable-notlong-land-hdpi/background.png
[DEBUG] from resource zip => res/drawable-notlong-land-hdpi/inapp_icon_87eafda265.png
[DEBUG] from resource zip => res/drawable-notlong-land-hdpi/inapp_logo_dc9fceed62.png
[DEBUG] from resource zip => res/drawable-notlong-land-ldpi/background.png
[DEBUG] from resource zip => res/drawable-notlong-land-ldpi/inapp_icon_87eafda265.png
[DEBUG] from resource zip => res/drawable-notlong-land-ldpi/inapp_logo_dc9fceed62.png
[DEBUG] from resource zip => res/drawable-notlong-land-mdpi/background.png
[DEBUG] from resource zip => res/drawable-notlong-land-mdpi/inapp_icon_87eafda265.png
[DEBUG] from resource zip => res/drawable-notlong-land-mdpi/inapp_logo_dc9fceed62.png
[DEBUG] from resource zip => res/drawable-notlong-port-hdpi/background.png
[DEBUG] from resource zip => res/drawable-notlong-port-hdpi/inapp_icon_87eafda265.png
[DEBUG] from resource zip => res/drawable-notlong-port-hdpi/inapp_logo_dc9fceed62.png
[DEBUG] from resource zip => res/drawable-notlong-port-ldpi/background.png
[DEBUG] from resource zip => res/drawable-notlong-port-ldpi/inapp_icon_87eafda265.png
[DEBUG] from resource zip => res/drawable-notlong-port-ldpi/inapp_logo_dc9fceed62.png
[DEBUG] from resource zip => res/drawable-notlong-port-mdpi/background.png
[DEBUG] from resource zip => res/drawable-notlong-port-mdpi/inapp_icon_87eafda265.png
[DEBUG] from resource zip => res/drawable-notlong-port-mdpi/inapp_logo_dc9fceed62.png
[DEBUG] from JAR /Library/Application Support/Titanium/mobilesdk/osx/2.0.1.GA2/android/titanium.jar => org/appcelerator/titanium/build.properties
[DEBUG] from JAR /Library/Application Support/Titanium/mobilesdk/osx/2.0.1.GA2/android/titanium.jar => org/appcelerator/titanium/res/drawable/background.png
[DEBUG] from JAR /Library/Application Support/Titanium/mobilesdk/osx/2.0.1.GA2/android/titanium.jar => org/appcelerator/titanium/res/drawable/btn_check_buttonless_on.png
[DEBUG] from JAR /Library/Application Support/Titanium/mobilesdk/osx/2.0.1.GA2/android/titanium.jar => org/appcelerator/titanium/res/drawable/btn_check_buttonless_on_18.png
[DEBUG] from JAR /Library/Application Support/Titanium/mobilesdk/osx/2.0.1.GA2/android/titanium.jar => org/appcelerator/titanium/res/drawable/btn_check_buttonless_on_48.png
[DEBUG] from JAR /Library/Application Support/Titanium/mobilesdk/osx/2.0.1.GA2/android/titanium.jar => org/appcelerator/titanium/res/drawable/btn_more.png
[DEBUG] from JAR /Library/Application Support/Titanium/mobilesdk/osx/2.0.1.GA2/android/titanium.jar => org/appcelerator/titanium/res/drawable/btn_more_18.png
[DEBUG] from JAR /Library/Application Support/Titanium/mobilesdk/osx/2.0.1.GA2/android/titanium.jar => org/appcelerator/titanium/res/drawable/btn_more_48.png
[DEBUG] from JAR /Library/Application Support/Titanium/mobilesdk/osx/2.0.1.GA2/android/titanium.jar => org/appcelerator/titanium/res/drawable/btn_picker_normal.9.png
[DEBUG] from JAR /Library/Application Support/Titanium/mobilesdk/osx/2.0.1.GA2/android/titanium.jar => org/appcelerator/titanium/res/drawable/btn_picker_pressed.9.png
[DEBUG] from JAR /Library/Application Support/Titanium/mobilesdk/osx/2.0.1.GA2/android/titanium.jar => org/appcelerator/titanium/res/drawable/btn_picker_selected.9.png
[DEBUG] from JAR /Library/Application Support/Titanium/mobilesdk/osx/2.0.1.GA2/android/titanium.jar => org/appcelerator/titanium/res/drawable/default_icon.png
[DEBUG] from JAR /Library/Application Support/Titanium/mobilesdk/osx/2.0.1.GA2/android/titanium.jar => org/appcelerator/titanium/res/drawable/photoDefault.png
[DEBUG] from JAR /Library/Application Support/Titanium/mobilesdk/osx/2.0.1.GA2/android/modules/titanium-ui.jar => ti/modules/titanium/ui/widget/webview/binding.js
[DEBUG] from JAR /Library/Application Support/Titanium/mobilesdk/osx/2.0.1.GA2/android/modules/titanium-ui.jar => ti/modules/titanium/ui/widget/webview/binding.min.js
[DEBUG] from JAR /Library/Application Support/Titanium/mobilesdk/osx/2.0.1.GA2/android/modules/titanium-ui.jar => ti/modules/titanium/ui/widget/webview/json2.js
[DEBUG] from JAR /Library/Application Support/Titanium/mobilesdk/osx/2.0.1.GA2/android/thirdparty.jar => org/apache/Commons-NOTICE.txt
[DEBUG] from JAR /Library/Application Support/Titanium/mobilesdk/osx/2.0.1.GA2/android/thirdparty.jar => org/apache/HttpComponents-NOTICE.txt
[DEBUG] from JAR /Library/Application Support/Titanium/mobilesdk/osx/2.0.1.GA2/android/thirdparty.jar => org/apache/mime4j-NOTICE.txt
[DEBUG] installing native SDK libs
[DEBUG] Waiting for device to be ready ...
[TRACE] adb devices returned 1 devices/emulators
[DEBUG] Device connected... (waited 0 seconds)
[DEBUG] waited 0.014119 seconds on emulator to get ready
[INFO] Installing application on device
[INFO] Application installed. Launch from drawer on Home Screen
